0 info it worked if it ends with ok
1 verbose cli [ 'C:\\Program Files (x86)\\nodejs\\node.exe',
1 verbose cli   'C:\\Program Files (x86)\\nodejs\\node_modules\\npm\\bin\\npm-cli.js',
1 verbose cli   'start' ]
2 info using npm@3.10.8
3 info using node@v6.9.1
4 verbose run-script [ 'prestart', 'start', 'poststart' ]
5 info lifecycle ironmadchess@1.0.0~prestart: ironmadchess@1.0.0
6 silly lifecycle ironmadchess@1.0.0~prestart: no script for prestart, continuing
7 info lifecycle ironmadchess@1.0.0~start: ironmadchess@1.0.0
8 verbose lifecycle ironmadchess@1.0.0~start: unsafe-perm in lifecycle true
9 verbose lifecycle ironmadchess@1.0.0~start: PATH: C:\Program Files (x86)\nodejs\node_modules\npm\bin\node-gyp-bin;C:\Users\foretf\Desktop\Franck\Projet\IronMadChess\node_modules\.bin;C:\ProgramData\Oracle\Java\javapath;c:\Program Files (x86)\CA\SC\CAWIN\;C:\PROGRA~2\CA\SC\ETPKI\lib;C:\windows\system32;C:\windows;C:\windows\System32\Wbem;C:\windows\System32\WindowsPowerShell\v1.0\;c:\Program Files (x86)\CA\SC\Csam\SockAdapter\bin;c:\Program Files (x86)\CA\SC\CBB\;c:\Program Files (x86)\CA\DSM\bin;c:\PROGRA~2\CA\SC\CAM\bin;C:\Program Files (x86)\Microsoft SQL Server\80\Tools\Binn\;C:\Program Files (x86)\Microsoft SQL Server\90\Tools\binn\;C:\Program Files (x86)\Microsoft SQL Server\90\DTS\Binn\;C:\Program Files (x86)\Microsoft SQL Server\90\Tools\Binn\VSShell\Common7\IDE\;C:\Program Files\Microsoft SQL Server\110\Tools\Binn\;C:\Program Files\Google\Cloud SDK\google-cloud-sdk\bin;C:\Program Files\Microsoft SQL Server\120\Tools\Binn\;C:\Program Files\Microsoft\Web Platform Installer\;C:\Program Files\Microsoft SQL Server\130\Tools\Binn\;C:\Program Files (x86)\Windows Kits\10\Windows Performance Toolkit\;c:\Program Files (x86)\CA\SC\Csam\SockAdapter\bin;c:\Program Files (x86)\CA\SC\Csam\SockAdapter\bin64;C:\Program Files\Git\cmd;C:\Program Files (x86)\nodejs\;C:\Users\foretf\AppData\Local\.meteor\;C:\Users\foretf\AppData\Local\atom\bin;C:\Users\foretf\AppData\Roaming\npm
10 verbose lifecycle ironmadchess@1.0.0~start: CWD: C:\Users\foretf\Desktop\Franck\Projet\IronMadChess
11 silly lifecycle ironmadchess@1.0.0~start: Args: [ '/d /s /c', 'node ./server/server.js' ]
12 silly lifecycle ironmadchess@1.0.0~start: Returned: code: 1  signal: null
13 info lifecycle ironmadchess@1.0.0~start: Failed to exec start script
14 verbose stack Error: ironmadchess@1.0.0 start: `node ./server/server.js`
14 verbose stack Exit status 1
14 verbose stack     at EventEmitter.<anonymous> (C:\Program Files (x86)\nodejs\node_modules\npm\lib\utils\lifecycle.js:255:16)
14 verbose stack     at emitTwo (events.js:106:13)
14 verbose stack     at EventEmitter.emit (events.js:191:7)
14 verbose stack     at ChildProcess.<anonymous> (C:\Program Files (x86)\nodejs\node_modules\npm\lib\utils\spawn.js:40:14)
14 verbose stack     at emitTwo (events.js:106:13)
14 verbose stack     at ChildProcess.emit (events.js:191:7)
14 verbose stack     at maybeClose (internal/child_process.js:877:16)
14 verbose stack     at Process.ChildProcess._handle.onexit (internal/child_process.js:226:5)
15 verbose pkgid ironmadchess@1.0.0
16 verbose cwd C:\Users\foretf\Desktop\Franck\Projet\IronMadChess
17 error Windows_NT 6.1.7601
18 error argv "C:\\Program Files (x86)\\nodejs\\node.exe" "C:\\Program Files (x86)\\nodejs\\node_modules\\npm\\bin\\npm-cli.js" "start"
19 error node v6.9.1
20 error npm  v3.10.8
21 error code ELIFECYCLE
22 error ironmadchess@1.0.0 start: `node ./server/server.js`
22 error Exit status 1
23 error Failed at the ironmadchess@1.0.0 start script 'node ./server/server.js'.
23 error Make sure you have the latest version of node.js and npm installed.
23 error If you do, this is most likely a problem with the ironmadchess package,
23 error not with npm itself.
23 error Tell the author that this fails on your system:
23 error     node ./server/server.js
23 error You can get information on how to open an issue for this project with:
23 error     npm bugs ironmadchess
23 error Or if that isn't available, you can get their info via:
23 error     npm owner ls ironmadchess
23 error There is likely additional logging output above.
24 verbose exit [ 1, true ]
